<?xml version="1.0" encoding="UTF-8"?>
<!-- Generated by org.testng.reporters.JUnitReportReporter -->
<testsuite hostname="TYSS-Aniruddha-Das" failures="0" tests="7" name="sampleTestNgPrograms.SampleClass2" time="0.007" errors="0" timestamp="2024-01-12T15:44:55 IST" skipped="0">
  <testcase classname="sampleTestNgPrograms.SampleClass2" name="createUser" time="0.000"/>
  <system-out/>
  <testcase classname="sampleTestNgPrograms.SampleClass2" name="createUser" time="0.005"/>
  <system-out/>
  <testcase classname="sampleTestNgPrograms.SampleClass2" name="createUser" time="0.001"/>
  <system-out/>
  <testcase classname="sampleTestNgPrograms.SampleClass2" name="createUser" time="0.000"/>
  <system-out/>
  <testcase classname="sampleTestNgPrograms.SampleClass2" name="createUser" time="0.000"/>
  <system-out/>
  <testcase classname="sampleTestNgPrograms.SampleClass2" name="modifyUser" time="0.001"/>
  <system-out>
    <![CDATA[modify user depends on createUser]]>
  </system-out>
  <testcase classname="sampleTestNgPrograms.SampleClass2" name="deleteUser" time="0.000"/>
  <system-out/>
</testsuite> <!-- sampleTestNgPrograms.SampleClass2 -->
