<?xml version="1.0" encoding="UTF-8"?>
<!-- Generated by org.testng.reporters.JUnitReportReporter -->
<testsuite hostname="TYSS-Aniruddha-Das" failures="0" tests="1" name="testScriptRepo.FC_001" time="15.004" errors="0" timestamp="2024-01-12T17:52:45 IST" skipped="0">
  <testcase classname="testScriptRepo.FC_001" name="tc003" time="15.004"/>
  <system-out/>
</testsuite> <!-- testScriptRepo.FC_001 -->
