<?xml version="1.0" encoding="UTF-8"?>
<!-- Generated by org.testng.reporters.JUnitReportReporter -->
<testsuite hostname="TYSS-Aniruddha-Das" failures="0" tests="3" name="sampleTestNgPrograms.SampleClass1" time="0.007" errors="0" timestamp="2024-01-12T15:33:35 IST" skipped="0">
  <testcase classname="sampleTestNgPrograms.SampleClass1" name="createUser" time="0.006"/>
  <system-out/>
  <testcase classname="sampleTestNgPrograms.SampleClass1" name="deleteUser" time="0.001"/>
  <system-out/>
  <testcase classname="sampleTestNgPrograms.SampleClass1" name="modifyUser" time="0.000"/>
  <system-out/>
</testsuite> <!-- sampleTestNgPrograms.SampleClass1 -->
