<?xml version="1.0" encoding="UTF-8"?>
<!-- Generated by org.testng.reporters.JUnitReportReporter -->
<testsuite hostname="TYSS-Aniruddha-Das" failures="0" tests="1" name="testScriptRepo.DM_001" time="11.553" errors="0" timestamp="2024-01-16T11:34:49 IST" skipped="0">
  <testcase classname="testScriptRepo.DM_001" name="testCase2" time="11.553"/>
  <system-out>
    <![CDATA[testCase2 execution starts!!
testCase2 execution successfull!!]]>
  </system-out>
</testsuite> <!-- testScriptRepo.DM_001 -->
